TN:
SF:script/cowClub.s.sol
FN:19,DeployCowClub.setUp
FNDA:0,DeployCowClub.setUp
DA:20,0
DA:22,0
DA:23,0
DA:24,0
DA:26,0
DA:28,0
DA:30,0
DA:31,0
DA:32,0
DA:34,0
FN:37,DeployCowClub.mintccNFT
FNDA:0,DeployCowClub.mintccNFT
DA:38,0
DA:39,0
DA:40,0
DA:41,0
DA:42,0
DA:43,0
DA:44,0
FN:49,DeployCowClub.setApprovals
FNDA:0,DeployCowClub.setApprovals
DA:50,0
FN:53,DeployCowClub.getDAYCOwnedCount
FNDA:0,DeployCowClub.getDAYCOwnedCount
DA:54,0
FN:57,DeployCowClub.getTokensOwned
FNDA:0,DeployCowClub.getTokensOwned
DA:58,0
FN:63,DeployCowClub.stakeNFTs
FNDA:0,DeployCowClub.stakeNFTs
DA:64,0
DA:66,0
DA:67,0
DA:70,0
DA:71,0
FN:74,DeployCowClub.unStakeNFTs
FNDA:0,DeployCowClub.unStakeNFTs
DA:75,0
DA:76,0
FN:79,DeployCowClub.run
FNDA:0,DeployCowClub.run
DA:80,0
DA:81,0
DA:82,0
DA:84,0
DA:85,0
DA:86,0
DA:88,0
DA:89,0
FNF:8
FNH:0
LF:35
LH:0
BRF:0
BRH:0
end_of_record
TN:
SF:src/GIGADRIP20.sol
FN:81,GIGADRIP20.approve
FNDA:1,GIGADRIP20.approve
DA:82,1
DA:84,1
DA:86,1
FN:89,GIGADRIP20.transfer
FNDA:6,GIGADRIP20.transfer
DA:90,6
DA:91,6
FN:94,GIGADRIP20.transferFrom
FNDA:1,GIGADRIP20.transferFrom
DA:99,1
DA:101,1
BRDA:101,0,0,-
BRDA:101,0,1,1
DA:103,1
DA:105,1
FN:108,GIGADRIP20.balanceOf
FNDA:118,GIGADRIP20.balanceOf
DA:109,143
DA:111,143
BRDA:111,1,0,47
BRDA:111,1,1,96
DA:112,47
DA:115,96
FN:121,GIGADRIP20.totalSupply
FNDA:49,GIGADRIP20.totalSupply
DA:122,108
FN:129,GIGADRIP20._transfer
FNDA:7,GIGADRIP20._transfer
DA:134,7
BRDA:134,2,0,-
BRDA:134,2,1,7
DA:136,7
DA:137,7
DA:139,7
DA:142,7
DA:145,7
BRDA:145,3,0,7
BRDA:145,3,1,7
DA:146,7
DA:149,7
FN:164,GIGADRIP20._startDripping
FNDA:44,GIGADRIP20._startDripping
DA:165,44
DA:168,44
BRDA:168,4,0,3
BRDA:168,4,1,41
DA:169,3
DA:172,41
DA:175,44
DA:176,44
DA:177,44
DA:181,44
DA:182,44
FN:195,GIGADRIP20._stopDripping
FNDA:6,GIGADRIP20._stopDripping
DA:196,6
DA:198,6
BRDA:198,5,0,-
BRDA:198,5,1,6
DA:200,6
DA:201,6
DA:202,6
DA:205,6
DA:206,5
DA:208,5
BRDA:208,6,0,4
BRDA:208,6,1,1
DA:209,4
DA:211,1
FN:219,GIGADRIP20._mint
FNDA:0,GIGADRIP20._mint
DA:220,0
DA:223,0
DA:224,0
DA:227,0
FN:230,GIGADRIP20._burn
FNDA:9,GIGADRIP20._burn
DA:231,9
DA:234,9
DA:235,9
DA:237,9
DA:242,8
DA:246,8
BRDA:246,7,0,3
BRDA:246,7,1,8
DA:247,3
DA:250,8
FN:256,GIGADRIP20.accruerMultiplier
FNDA:6,GIGADRIP20.accruerMultiplier
DA:257,6
DA:259,6
FNF:11
FNH:10
LF:55
LH:51
BRF:16
BRH:13
end_of_record
TN:
SF:src/boredCowCheeseClub.sol
FN:61,BCCC.mintPrice
FNDA:3,BCCC.mintPrice
DA:62,9
DA:63,9
DA:65,9
BRDA:65,0,0,7
BRDA:65,0,1,2
DA:66,7
DA:67,2
BRDA:67,1,0,1
BRDA:67,1,1,1
DA:68,1
DA:70,1
DA:73,9
FN:85,BCCC.mintByToken
FNDA:8,BCCC.mintByToken
DA:86,8
BRDA:86,2,0,1
BRDA:86,2,1,7
DA:87,7
BRDA:87,3,0,1
BRDA:87,3,1,6
DA:89,6
DA:91,6
DA:93,6
BRDA:93,4,0,1
BRDA:93,4,1,5
DA:96,5
DA:98,4
DA:100,4
FN:109,BCCC.mintByBurnNFT
FNDA:5,BCCC.mintByBurnNFT
DA:110,5
BRDA:110,5,0,1
BRDA:110,5,1,4
DA:113,4
DA:114,4
DA:116,4
BRDA:116,6,0,1
BRDA:116,6,1,3
DA:118,3
DA:119,3
BRDA:119,7,0,1
BRDA:119,7,1,2
DA:120,1
DA:123,2
DA:124,4
DA:126,4
BRDA:126,8,0,1
BRDA:126,8,1,3
DA:129,3
DA:133,1
FN:140,BCCC.setPaused
FNDA:4,BCCC.setPaused
DA:141,3
FN:144,BCCC.setMaxMintedByBurningNFT
FNDA:1,BCCC.setMaxMintedByBurningNFT
DA:145,1
FN:148,BCCC.setMaxMintedByBurningToken
FNDA:1,BCCC.setMaxMintedByBurningToken
DA:149,1
FN:152,BCCC.setInitialPrice
FNDA:3,BCCC.setInitialPrice
DA:153,3
FN:156,BCCC.setMaxAmountPerTx
FNDA:4,BCCC.setMaxAmountPerTx
DA:157,3
FN:160,BCCC.setPriceTierOneLimit
FNDA:4,BCCC.setPriceTierOneLimit
DA:161,4
FN:164,BCCC.setPriceTierTwoLimit
FNDA:3,BCCC.setPriceTierTwoLimit
DA:165,3
BRDA:165,9,0,1
BRDA:165,9,1,2
DA:166,1
DA:169,2
FN:176,BCCC.setBaseURI
FNDA:2,BCCC.setBaseURI
DA:177,1
FN:186,BCCC.withdrawPayments
FNDA:1,BCCC.withdrawPayments
DA:187,1
DA:188,1
DA:189,1
BRDA:189,10,0,-
BRDA:189,10,1,1
DA:190,0
FN:199,BCCC.tokenURI
FNDA:1,BCCC.tokenURI
DA:200,1
FNF:13
FNH:13
LF:43
LH:42
BRF:22
BRH:21
end_of_record
TN:
SF:src/boredCowCheeseclub.sol
FN:61,BCCC.mintPrice
FNDA:0,BCCC.mintPrice
DA:62,0
DA:63,0
DA:65,0
BRDA:65,0,0,-
BRDA:65,0,1,-
DA:66,0
DA:67,0
BRDA:67,1,0,-
BRDA:67,1,1,-
DA:68,0
DA:70,0
DA:73,0
FN:85,BCCC.mintByToken
FNDA:0,BCCC.mintByToken
DA:86,0
BRDA:86,2,0,-
BRDA:86,2,1,-
DA:87,0
BRDA:87,3,0,-
BRDA:87,3,1,-
DA:89,0
DA:91,0
DA:93,0
BRDA:93,4,0,-
BRDA:93,4,1,-
DA:96,0
DA:98,0
DA:100,0
FN:109,BCCC.mintByBurnNFT
FNDA:0,BCCC.mintByBurnNFT
DA:110,0
BRDA:110,5,0,-
BRDA:110,5,1,-
DA:113,0
DA:114,0
DA:116,0
BRDA:116,6,0,-
BRDA:116,6,1,-
DA:118,0
DA:119,0
BRDA:119,7,0,-
BRDA:119,7,1,-
DA:120,0
DA:123,0
DA:124,0
DA:126,0
BRDA:126,8,0,-
BRDA:126,8,1,-
DA:129,0
DA:133,0
FN:140,BCCC.setPaused
FNDA:0,BCCC.setPaused
DA:141,0
FN:144,BCCC.setMaxMintedByBurningNFT
FNDA:0,BCCC.setMaxMintedByBurningNFT
DA:145,0
FN:148,BCCC.setMaxMintedByBurningToken
FNDA:0,BCCC.setMaxMintedByBurningToken
DA:149,0
FN:152,BCCC.setInitialPrice
FNDA:0,BCCC.setInitialPrice
DA:153,0
FN:156,BCCC.setMaxAmountPerTx
FNDA:0,BCCC.setMaxAmountPerTx
DA:157,0
FN:160,BCCC.setPriceTierOneLimit
FNDA:0,BCCC.setPriceTierOneLimit
DA:161,0
FN:164,BCCC.setPriceTierTwoLimit
FNDA:0,BCCC.setPriceTierTwoLimit
DA:165,0
BRDA:165,9,0,-
BRDA:165,9,1,-
DA:166,0
DA:169,0
FN:176,BCCC.setBaseURI
FNDA:0,BCCC.setBaseURI
DA:177,0
FN:186,BCCC.withdrawPayments
FNDA:0,BCCC.withdrawPayments
DA:187,0
DA:188,0
DA:189,0
BRDA:189,10,0,-
BRDA:189,10,1,-
DA:190,0
FN:199,BCCC.tokenURI
FNDA:0,BCCC.tokenURI
DA:200,0
FNF:13
FNH:0
LF:43
LH:0
BRF:22
BRH:0
end_of_record
TN:
SF:src/cowClub.sol
FN:52,CC.mintNft
FNDA:25,CC.mintNft
DA:53,25
BRDA:53,0,0,1
BRDA:53,0,1,24
DA:54,24
BRDA:54,1,0,1
BRDA:54,1,1,23
DA:56,23
DA:58,23
BRDA:58,2,0,1
BRDA:58,2,1,22
DA:59,22
BRDA:59,3,0,1
BRDA:59,3,1,21
DA:61,21
FN:68,CC.setPaused
FNDA:2,CC.setPaused
DA:69,2
FN:72,CC.setMaxSupply
FNDA:1,CC.setMaxSupply
DA:73,1
FN:76,CC.setPrice
FNDA:1,CC.setPrice
DA:77,1
FN:80,CC.setMaxAmountPerTx
FNDA:2,CC.setMaxAmountPerTx
DA:81,2
FN:88,CC.setBaseURI
FNDA:1,CC.setBaseURI
DA:89,1
FN:98,CC.withdrawPayments
FNDA:2,CC.withdrawPayments
DA:99,1
DA:100,1
DA:101,1
BRDA:101,4,0,-
BRDA:101,4,1,1
DA:102,0
FN:106,CC.tokenURI
FNDA:1,CC.tokenURI
DA:112,1
FN:122,CC._startTokenId
FNDA:84,CC._startTokenId
DA:123,84
FNF:9
FNH:9
LF:17
LH:16
BRF:10
BRH:9
end_of_record
TN:
SF:src/cowClubStaking.sol
FN:41,cowClubStaking.stake
FNDA:12,cowClubStaking.stake
DA:42,12
BRDA:42,0,0,-
BRDA:42,0,1,12
DA:43,0
DA:46,12
DA:48,12
BRDA:48,1,0,-
BRDA:48,1,1,12
DA:49,0
DA:52,12
DA:53,22
BRDA:53,2,0,1
BRDA:53,2,1,21
DA:54,1
DA:57,21
DA:59,21
DA:62,11
FN:71,cowClubStaking.unstake
FNDA:4,cowClubStaking.unstake
DA:72,4
BRDA:72,3,0,1
BRDA:72,3,1,3
DA:73,1
DA:76,3
DA:78,3
DA:80,3
DA:81,3
BRDA:81,4,0,1
BRDA:81,4,1,2
DA:82,1
DA:84,2
DA:86,2
DA:88,2
FN:98,cowClubStaking.flipStakingStatus
FNDA:1,cowClubStaking.flipStakingStatus
DA:99,1
FN:106,cowClubStaking.getMultiplier
FNDA:2,cowClubStaking.getMultiplier
DA:107,6
FN:111,cowClubStaking.getTokensByOwner
FNDA:1,cowClubStaking.getTokensByOwner
DA:112,1
DA:113,1
DA:115,1
DA:117,1
DA:118,1
BRDA:118,5,0,-
BRDA:118,5,1,1
DA:119,1
DA:120,1
DA:124,1
DA:126,1
DA:127,1
DA:130,1
FN:133,cowClubStaking.onERC721Received
FNDA:1,cowClubStaking.onERC721Received
DA:139,1
FNF:6
FNH:6
LF:35
LH:33
BRF:12
BRH:9
end_of_record
TN:
SF:src/cowClubToken.sol
FN:23,cowClubToken.startDripping
FNDA:44,cowClubToken.startDripping
DA:24,44
BRDA:24,0,0,-
BRDA:24,0,1,44
DA:25,44
FN:28,cowClubToken.stopDripping
FNDA:6,cowClubToken.stopDripping
DA:29,6
BRDA:29,1,0,-
BRDA:29,1,1,6
DA:30,6
FN:33,cowClubToken.setStakingAddress
FNDA:1,cowClubToken.setStakingAddress
DA:34,1
FN:37,cowClubToken.burn
FNDA:9,cowClubToken.burn
DA:38,9
FNF:4
FNH:4
LF:6
LH:6
BRF:4
BRH:2
end_of_record
TN:
SF:test/boredCowCheeseClub.t.sol
FN:294,Receiver.onERC721Received
FNDA:0,Receiver.onERC721Received
DA:300,0
FNF:1
FNH:0
LF:1
LH:0
BRF:0
BRH:0
end_of_record
TN:
SF:test/cowClub.t.sol
FN:155,Receiver.onERC721Received
FNDA:0,Receiver.onERC721Received
DA:161,0
FNF:1
FNH:0
LF:1
LH:0
BRF:0
BRH:0
end_of_record
